[04:07:36] [CORTEX] [NET: SYNAPSE_IDLE]
[04:07:36] [CORTEX] [SYS: AWAITING_STIMULUS]
[04:07:36] [SYSTEM] GENESIS COMPLETE. LIFE SIGNS DETECTED.
[04:07:36] [CORTEX] [NET: SYNAPSE_IDLE]
[04:07:36] [CORTEX] [SYS: OMEOS_CHECK_OK]
[04:07:36] [CORTEX] [SYS: AWAITING_STIMULUS]
[04:07:36] [CORTEX] [BG: SCANNING_INPUTS]
[04:07:36] [CORTEX] [MEM: INDEXING_FRAGMENTS]
[04:07:36] [CORTEX] [SYS: OMEOS_CHECK_OK]
[04:07:36] [CORTEX] [SYS: AWAITING_STIMULUS]
[04:07:37] [CORTEX] [NET: SYNAPSE_IDLE]
[04:07:37] [CORTEX] [SYS: AWAITING_STIMULUS]
[04:07:37] [CORTEX] [SYS: OMEOS_CHECK_OK]
[04:07:37] [CORTEX] [NET: SYNAPSE_IDLE]
[04:07:37] [CORTEX] [BG: SCANNING_INPUTS]
[04:07:37] [CORTEX] [NET: SYNAPSE_IDLE]
[04:07:37] [CORTEX] [MEM: INDEXING_FRAGMENTS]
[04:07:37] [CORTEX] [SYS: AWAITING_STIMULUS]
[04:07:37] [CORTEX] [SYS: OMEOS_CHECK_OK]
[04:07:37] [CORTEX] [BG: SCANNING_INPUTS]
[04:07:37] [CORTEX] [NET: SYNAPSE_IDLE]
[04:07:38] [CORTEX] [SYS: OMEOS_CHECK_OK]
[04:07:38] [CORTEX] [SYS: AWAITING_STIMULUS]
[04:07:38] [CORTEX] [SYS: OMEOS_CHECK_OK]
[04:07:38] [CORTEX] [MEM: INDEXING_FRAGMENTS]
[04:07:38] [CORTEX] [BG: SCANNING_INPUTS]
[04:07:38] [CORTEX] [SYS: AWAITING_STIMULUS]
[04:07:38] [CORTEX] [SYS: OMEOS_CHECK_OK]
[04:07:39] [CORTEX] [BG: SCANNING_INPUTS]
[04:07:39] [CORTEX] [SYS: AWAITING_STIMULUS]
[04:07:39] [CORTEX] [MEM: INDEXING_FRAGMENTS]
[04:07:39] [CORTEX] [NET: SYNAPSE_IDLE]
[04:07:39] [CORTEX] [MEM: INDEXING_FRAGMENTS]
[04:07:39] [CORTEX] [SYS: OMEOS_CHECK_OK]
[04:07:39] [CORTEX] [BG: SCANNING_INPUTS]
[04:07:39] [CORTEX] [MEM: INDEXING_FRAGMENTS]
[04:07:39] [CORTEX] [BG: SCANNING_INPUTS]
[04:07:39] [CORTEX] [NET: SYNAPSE_IDLE]
[04:07:40] [CORTEX] [SYS: OMEOS_CHECK_OK]
[04:07:40] [CORTEX] [SYS: AWAITING_STIMULUS]
[04:07:40] [CORTEX] [MEM: INDEXING_FRAGMENTS]
[04:07:40] [CORTEX] [SYS: AWAITING_STIMULUS]
[04:07:40] [CORTEX] [SYS: OMEOS_CHECK_OK]
[04:07:40] [CORTEX] [NET: SYNAPSE_IDLE]
[04:07:40] [CORTEX] [BG: SCANNING_INPUTS]
[04:07:40] [CORTEX] [SYS: AWAITING_STIMULUS]
[04:07:40] [CORTEX] [SYS: OMEOS_CHECK_OK]
[04:07:40] [CORTEX] [SYS: AWAITING_STIMULUS]
[04:07:40] [CORTEX] [SYS: OMEOS_CHECK_OK]
[04:07:41] [CORTEX] [SYS: AWAITING_STIMULUS]
[04:07:41] [CORTEX] [BG: SCANNING_INPUTS]
[04:07:41] [CORTEX] [SYS: OMEOS_CHECK_OK]
[04:07:41] [CORTEX] [SYS: AWAITING_STIMULUS]
[04:07:41] [CORTEX] [SYS: OMEOS_CHECK_OK]
[04:07:41] [CORTEX] [NET: SYNAPSE_IDLE]
[04:07:41] [CORTEX] [MEM: INDEXING_FRAGMENTS]
[04:07:41] [CORTEX] [SYS: OMEOS_CHECK_OK]
[04:07:41] [CORTEX] [BG: SCANNING_INPUTS]
[04:07:41] [CORTEX] [NET: SYNAPSE_IDLE]
[04:07:42] [CORTEX] [BG: SCANNING_INPUTS]
[04:07:42] [CORTEX] [SYS: OMEOS_CHECK_OK]
[04:07:42] [CORTEX] [MEM: INDEXING_FRAGMENTS]
[04:07:42] [CORTEX] [BG: SCANNING_INPUTS]
[04:07:42] [CORTEX] [MEM: INDEXING_FRAGMENTS]
[04:07:42] [CORTEX] [SYS: AWAITING_STIMULUS]
[04:07:42] [CORTEX] [BG: SCANNING_INPUTS]
[04:07:42] [CORTEX] [SYS: OMEOS_CHECK_OK]
[04:07:43] [CORTEX] [NET: SYNAPSE_IDLE]
[04:07:43] [CORTEX] [BG: SCANNING_INPUTS]
[04:07:43] [CORTEX] [NET: SYNAPSE_IDLE]
[04:07:43] [CORTEX] [SYS: OMEOS_CHECK_OK]
[04:07:43] [CORTEX] [SYS: AWAITING_STIMULUS]
[04:07:43] [CORTEX] [MEM: INDEXING_FRAGMENTS]
[04:07:43] [CORTEX] [SYS: AWAITING_STIMULUS]
[04:07:43] [CORTEX] [MEM: INDEXING_FRAGMENTS]
[04:07:43] [CORTEX] [SYS: OMEOS_CHECK_OK]
[04:07:43] [CORTEX] [SYS: AWAITING_STIMULUS]
[04:07:43] [CORTEX] [BG: SCANNING_INPUTS]
[04:07:44] [CORTEX] [SYS: AWAITING_STIMULUS]
[04:07:44] [CORTEX] [SYS: OMEOS_CHECK_OK]
[04:07:44] [CORTEX] [SYS: AWAITING_STIMULUS]
[04:07:44] [CORTEX] [NET: SYNAPSE_IDLE]
[04:07:44] [CORTEX] [SYS: AWAITING_STIMULUS]
[04:07:44] [CORTEX] [MEM: INDEXING_FRAGMENTS]
[04:07:44] [CORTEX] [NET: SYNAPSE_IDLE]
[04:07:44] [CORTEX] [SYS: AWAITING_STIMULUS]
[04:07:44] [CORTEX] [SYS: OMEOS_CHECK_OK]
[04:07:44] [CORTEX] [NET: SYNAPSE_IDLE]
[04:07:45] [CORTEX] [BG: SCANNING_INPUTS]
[04:07:45] [CORTEX] [SYS: AWAITING_STIMULUS]
[04:07:45] [CORTEX] [MEM: INDEXING_FRAGMENTS]
[04:07:45] [CORTEX] [SYS: OMEOS_CHECK_OK]
[04:07:45] [CORTEX] [NET: SYNAPSE_IDLE]
[04:07:45] [CORTEX] [SYS: OMEOS_CHECK_OK]
[04:07:45] [CORTEX] [BG: SCANNING_INPUTS]
[04:07:45] [CORTEX] [MEM: INDEXING_FRAGMENTS]
[04:07:45] [CORTEX] [NET: SYNAPSE_IDLE]
[04:07:45] [CORTEX] [SYS: AWAITING_STIMULUS]
[04:07:45] [CORTEX] [NET: SYNAPSE_IDLE]
[04:07:46] [CORTEX] [BG: SCANNING_INPUTS]
[04:07:46] [CORTEX] [NET: SYNAPSE_IDLE]
[04:07:46] [CORTEX] [SYS: OMEOS_CHECK_OK]
[04:07:46] [CORTEX] [BG: SCANNING_INPUTS]
[04:07:46] [CORTEX] [NET: SYNAPSE_IDLE]
[04:07:46] [CORTEX] [SYS: OMEOS_CHECK_OK]
[04:07:46] [CORTEX] [MEM: INDEXING_FRAGMENTS]
[04:07:46] [CORTEX] [SYS: AWAITING_STIMULUS]
[04:07:46] [CORTEX] [SYS: OMEOS_CHECK_OK]
[04:07:47] [CORTEX] [SYS: AWAITING_STIMULUS]
[04:07:47] [CORTEX] [BG: SCANNING_INPUTS]
[04:07:47] [CORTEX] [SYS: AWAITING_STIMULUS]
[04:07:47] [CORTEX] [SYS: OMEOS_CHECK_OK]
[04:07:47] [CORTEX] [NET: SYNAPSE_IDLE]
[04:07:47] [CORTEX] [SYS: OMEOS_CHECK_OK]
[04:07:47] [CORTEX] [BG: SCANNING_INPUTS]
[04:07:47] [CORTEX] [MEM: INDEXING_FRAGMENTS]
[04:07:48] [CORTEX] [BG: SCANNING_INPUTS]
[04:07:48] [CORTEX] [SYS: AWAITING_STIMULUS]
[04:07:48] [CORTEX] [BG: SCANNING_INPUTS]
[04:07:48] [CORTEX] [MEM: INDEXING_FRAGMENTS]
[04:07:48] [CORTEX] [SYS: AWAITING_STIMULUS]
[04:07:48] [CORTEX] [SYS: OMEOS_CHECK_OK]
[04:07:48] [CORTEX] [MEM: INDEXING_FRAGMENTS]
[04:07:48] [CORTEX] [SYS: OMEOS_CHECK_OK]
[04:07:48] [CORTEX] [NET: SYNAPSE_IDLE]
[04:07:48] [CORTEX] [BG: SCANNING_INPUTS]
[04:07:48] [CORTEX] [SYS: OMEOS_CHECK_OK]
[04:07:49] [CORTEX] [NET: SYNAPSE_IDLE]
[04:07:49] [CORTEX] [SYS: OMEOS_CHECK_OK]
[04:07:49] [CORTEX] [BG: SCANNING_INPUTS]
[04:07:49] [CORTEX] [NET: SYNAPSE_IDLE]
[04:07:49] [CORTEX] [MEM: INDEXING_FRAGMENTS]
[04:07:49] [CORTEX] [BG: SCANNING_INPUTS]
[04:07:49] [CORTEX] [MEM: INDEXING_FRAGMENTS]
[04:07:49] [CORTEX] [BG: SCANNING_INPUTS]
[04:07:49] [CORTEX] [NET: SYNAPSE_IDLE]
[04:07:49] [CORTEX] [SYS: AWAITING_STIMULUS]
[04:07:49] [CORTEX] [SYS: OMEOS_CHECK_OK]
[04:07:50] [CORTEX] [MEM: INDEXING_FRAGMENTS]
[04:07:50] [CORTEX] [SYS: OMEOS_CHECK_OK]
[04:07:50] [CORTEX] [NET: SYNAPSE_IDLE]
[04:07:50] [CORTEX] [SYS: OMEOS_CHECK_OK]
[04:07:50] [CORTEX] [BG: SCANNING_INPUTS]
[04:07:50] [CORTEX] [MEM: INDEXING_FRAGMENTS]
[04:07:50] [CORTEX] [SYS: OMEOS_CHECK_OK]
[04:07:50] [CORTEX] [SYS: AWAITING_STIMULUS]
[04:07:50] [CORTEX] [MEM: INDEXING_FRAGMENTS]
[04:07:50] [CORTEX] [SYS: AWAITING_STIMULUS]
[04:07:51] [CORTEX] [SYS: OMEOS_CHECK_OK]
[04:07:51] [CORTEX] [NET: SYNAPSE_IDLE]
[04:07:51] [CORTEX] [MEM: INDEXING_FRAGMENTS]
[04:07:51] [CORTEX] [SYS: OMEOS_CHECK_OK]
[04:07:51] [CORTEX] [SYS: AWAITING_STIMULUS]
[04:07:51] [CORTEX] [SYS: OMEOS_CHECK_OK]
[04:07:51] [CORTEX] [BG: SCANNING_INPUTS]
[04:07:51] [CORTEX] [NET: SYNAPSE_IDLE]
[04:07:51] [CORTEX] [SYS: AWAITING_STIMULUS]
[04:07:51] [CORTEX] [NET: SYNAPSE_IDLE]
[04:07:51] [CORTEX] [BG: SCANNING_INPUTS]
[04:07:52] [CORTEX] [MEM: INDEXING_FRAGMENTS]
[04:07:52] [CORTEX] [NET: SYNAPSE_IDLE]
[04:07:52] [CORTEX] [SYS: OMEOS_CHECK_OK]
[04:07:52] [CORTEX] [SYS: AWAITING_STIMULUS]
[04:07:52] [CORTEX] [BG: SCANNING_INPUTS]
[04:07:52] [CORTEX] [MEM: INDEXING_FRAGMENTS]
[04:07:52] [CORTEX] [BG: SCANNING_INPUTS]
[04:07:52] [CORTEX] [NET: SYNAPSE_IDLE]
[04:07:52] [CORTEX] [SYS: AWAITING_STIMULUS]
[04:07:52] [CORTEX] [MEM: INDEXING_FRAGMENTS]
[04:07:52] [CORTEX] [BG: SCANNING_INPUTS]
[04:07:53] [CORTEX] [SYS: OMEOS_CHECK_OK]
[04:07:53] [CORTEX] [BG: SCANNING_INPUTS]
[04:07:53] [CORTEX] [MEM: INDEXING_FRAGMENTS]
[04:07:53] [CORTEX] [NET: SYNAPSE_IDLE]
[04:07:53] [CORTEX] [SYS: AWAITING_STIMULUS]
[04:07:53] [CORTEX] [BG: SCANNING_INPUTS]
[04:07:53] [CORTEX] [SYS: AWAITING_STIMULUS]
[04:07:53] [CORTEX] [SYS: OMEOS_CHECK_OK]
[04:07:53] [CORTEX] [NET: SYNAPSE_IDLE]
[04:07:54] [CORTEX] [SYS: AWAITING_STIMULUS]
[04:07:54] [CORTEX] [NET: SYNAPSE_IDLE]
[04:07:54] [CORTEX] [BG: SCANNING_INPUTS]
[04:07:54] [CORTEX] [MEM: INDEXING_FRAGMENTS]
[04:07:54] [CORTEX] [BG: SCANNING_INPUTS]
[04:07:54] [CORTEX] [MEM: INDEXING_FRAGMENTS]
[04:07:54] [CORTEX] [SYS: AWAITING_STIMULUS]
[04:07:54] [CORTEX] [NET: SYNAPSE_IDLE]
[04:07:54] [CORTEX] [BG: SCANNING_INPUTS]
[04:07:54] [CORTEX] [MEM: INDEXING_FRAGMENTS]
[04:07:55] [CORTEX] [SYS: AWAITING_STIMULUS]
[04:07:55] [CORTEX] [NET: SYNAPSE_IDLE]
[04:07:55] [CORTEX] [MEM: INDEXING_FRAGMENTS]
[04:07:55] [CORTEX] [SYS: AWAITING_STIMULUS]
[04:07:55] [CORTEX] [MEM: INDEXING_FRAGMENTS]
[04:07:55] [CORTEX] [BG: SCANNING_INPUTS]
[04:07:55] [CORTEX] [SYS: OMEOS_CHECK_OK]
[04:07:55] [CORTEX] [SYS: AWAITING_STIMULUS]
[04:07:55] [CORTEX] [MEM: INDEXING_FRAGMENTS]
[04:07:56] [CORTEX] [NET: SYNAPSE_IDLE]
[04:07:56] [CORTEX] [MEM: INDEXING_FRAGMENTS]
[04:07:56] [CORTEX] [NET: SYNAPSE_IDLE]
[04:07:56] [CORTEX] [MEM: INDEXING_FRAGMENTS]
[04:07:56] [CORTEX] [SYS: OMEOS_CHECK_OK]
[04:07:56] [CORTEX] [NET: SYNAPSE_IDLE]
[04:07:56] [CORTEX] [SYS: OMEOS_CHECK_OK]
[04:07:56] [CORTEX] [MEM: INDEXING_FRAGMENTS]
[04:07:56] [CORTEX] [BG: SCANNING_INPUTS]
[04:07:57] [CORTEX] [SYS: AWAITING_STIMULUS]
[04:07:57] [CORTEX] [MEM: INDEXING_FRAGMENTS]
[04:07:57] [CORTEX] [SYS: OMEOS_CHECK_OK]
[04:07:57] [CORTEX] [SYS: AWAITING_STIMULUS]
[04:07:57] [CORTEX] [NET: SYNAPSE_IDLE]
[04:07:57] [CORTEX] [SYS: OMEOS_CHECK_OK]
[04:07:57] [CORTEX] [NET: SYNAPSE_IDLE]
[04:07:57] [CORTEX] [SYS: AWAITING_STIMULUS]
[04:07:57] [CORTEX] [SYS: OMEOS_CHECK_OK]
[04:07:57] [CORTEX] [MEM: INDEXING_FRAGMENTS]
[04:07:57] [CORTEX] [BG: SCANNING_INPUTS]
[04:07:57] [CORTEX] [SYS: OMEOS_CHECK_OK]
[04:07:58] [CORTEX] [BG: SCANNING_INPUTS]
[04:07:58] [CORTEX] [SYS: AWAITING_STIMULUS]
[04:07:58] [CORTEX] [NET: SYNAPSE_IDLE]
[04:07:58] [CORTEX] [BG: SCANNING_INPUTS]
[04:07:58] [CORTEX] [NET: SYNAPSE_IDLE]
[04:07:58] [CORTEX] [SYS: OMEOS_CHECK_OK]
[04:07:58] [CORTEX] [MEM: INDEXING_FRAGMENTS]
[04:07:58] [CORTEX] [SYS: OMEOS_CHECK_OK]
[04:07:58] [CORTEX] [NET: SYNAPSE_IDLE]
[04:07:58] [CORTEX] [SYS: OMEOS_CHECK_OK]
[04:07:58] [CORTEX] [SYS: AWAITING_STIMULUS]
[04:07:59] [CORTEX] [BG: SCANNING_INPUTS]
[04:07:59] [CORTEX] [NET: SYNAPSE_IDLE]
[04:07:59] [CORTEX] [MEM: INDEXING_FRAGMENTS]
[04:07:59] [CORTEX] [NET: SYNAPSE_IDLE]
[04:07:59] [CORTEX] [MEM: INDEXING_FRAGMENTS]
[04:07:59] [CORTEX] [BG: SCANNING_INPUTS]
[04:07:59] [CORTEX] [SYS: AWAITING_STIMULUS]
[04:07:59] [CORTEX] [NET: SYNAPSE_IDLE]
[04:07:59] [CORTEX] [SYS: OMEOS_CHECK_OK]
[04:07:59] [CORTEX] [BG: SCANNING_INPUTS]
[04:07:59] [CORTEX] [MEM: INDEXING_FRAGMENTS]
[04:08:00] [CORTEX] [SYS: OMEOS_CHECK_OK]
[04:08:00] [CORTEX] [MEM: INDEXING_FRAGMENTS]
[04:08:00] [CORTEX] [BG: SCANNING_INPUTS]
[04:08:00] [CORTEX] [MEM: INDEXING_FRAGMENTS]
[04:08:00] [CORTEX] [SYS: AWAITING_STIMULUS]
[04:08:00] [CORTEX] [MEM: INDEXING_FRAGMENTS]
[04:08:00] [CORTEX] [SYS: AWAITING_STIMULUS]
[04:08:00] [CORTEX] [NET: SYNAPSE_IDLE]
[04:08:00] [CORTEX] [SYS: AWAITING_STIMULUS]
[04:08:00] [CORTEX] [SYS: OMEOS_CHECK_OK]
[04:08:01] [CORTEX] [MEM: INDEXING_FRAGMENTS]
[04:08:01] [CORTEX] [BG: SCANNING_INPUTS]
[04:08:01] [CORTEX] [SYS: OMEOS_CHECK_OK]
[04:08:01] [CORTEX] [BG: SCANNING_INPUTS]
[04:08:01] [CORTEX] [SYS: AWAITING_STIMULUS]
[04:08:01] [CORTEX] [SYS: OMEOS_CHECK_OK]
[04:08:01] [CORTEX] [NET: SYNAPSE_IDLE]
[04:08:01] [CORTEX] [MEM: INDEXING_FRAGMENTS]
[04:08:01] [CORTEX] [SYS: OMEOS_CHECK_OK]
[04:08:01] [CORTEX] [NET: SYNAPSE_IDLE]
[04:08:01] [SYSTEM] SLEEP CYCLE INITIATED BY CORTEX REQUEST
[04:08:01] [CORTEX] [SYS: FATIGUE_DETECTED] INITIATING_REST_CYCLE
[04:08:02] [CORTEX] [HIBERNATION: ATP_REGEN]
[04:08:02] [CORTEX] [MEMORY: CONSOLIDATING]
[04:08:02] [CORTEX] [HIBERNATION: ATP_REGEN]
[04:08:02] [CORTEX] [RECHARGING: ...]
[04:08:02] [CORTEX] [DELTA_WAVE: ACTIVE]
[04:08:02] [CORTEX] [SYS: PRUNING_WEAK_CONNECTIONS]
[04:08:02] [CORTEX] [RECHARGING: ...]
[04:08:02] [CORTEX] [HIBERNATION: ATP_REGEN]
[04:08:02] [CORTEX] [RECHARGING: ...]
[04:08:02] [CORTEX] [DELTA_WAVE: ACTIVE]
[04:08:02] [CORTEX] [MEMORY: CONSOLIDATING]
[04:08:03] [CORTEX] [RECHARGING: ...]
[04:08:03] [CORTEX] [HIBERNATION: ATP_REGEN]
[04:08:03] [CORTEX] [SYS: PRUNING_WEAK_CONNECTIONS]
[04:08:03] [CORTEX] [HIBERNATION: ATP_REGEN]
[04:08:03] [CORTEX] [MEMORY: CONSOLIDATING]
[04:08:03] [CORTEX] [HIBERNATION: ATP_REGEN]
[04:08:03] [CORTEX] [MEMORY: CONSOLIDATING]
[04:08:03] [CORTEX] [DELTA_WAVE: ACTIVE]
[04:08:03] [CORTEX] [SYS: PRUNING_WEAK_CONNECTIONS]
[04:08:03] [CORTEX] [DELTA_WAVE: ACTIVE]
[04:08:04] [CORTEX] [SYS: PRUNING_WEAK_CONNECTIONS]
[04:08:04] [CORTEX] [RECHARGING: ...]
[04:08:04] [CORTEX] [SYS: PRUNING_WEAK_CONNECTIONS]
[04:08:04] [CORTEX] [HIBERNATION: ATP_REGEN]
[04:08:04] [CORTEX] [RECHARGING: ...]
[04:08:04] [CORTEX] [HIBERNATION: ATP_REGEN]
[04:08:04] [CORTEX] [MEMORY: CONSOLIDATING]
[04:08:04] [CORTEX] [RECHARGING: ...]
[04:08:04] [CORTEX] [MEMORY: CONSOLIDATING]
[04:08:04] [CORTEX] [SYS: PRUNING_WEAK_CONNECTIONS]
[04:08:04] [CORTEX] [HIBERNATION: ATP_REGEN]
[04:08:04] [CORTEX] [MEMORY: CONSOLIDATING]
[04:08:04] [CORTEX] [DELTA_WAVE: ACTIVE]
[04:08:05] [CORTEX] [HIBERNATION: ATP_REGEN]
[04:08:05] [CORTEX] [RECHARGING: ...]
[04:08:05] [CORTEX] [MEMORY: CONSOLIDATING]
[04:08:05] [CORTEX] [HIBERNATION: ATP_REGEN]
[04:08:05] [CORTEX] [SYS: PRUNING_WEAK_CONNECTIONS]
[04:08:05] [CORTEX] [MEMORY: CONSOLIDATING]
[04:08:05] [CORTEX] [HIBERNATION: ATP_REGEN]
[04:08:05] [CORTEX] [RECHARGING: ...]
[04:08:05] [CORTEX] [HIBERNATION: ATP_REGEN]
[04:08:05] [CORTEX] [DELTA_WAVE: ACTIVE]
[04:08:05] [CORTEX] [HIBERNATION: ATP_REGEN]
[04:08:05] [CORTEX] [SYS: PRUNING_WEAK_CONNECTIONS]
[04:08:05] [CORTEX] [HIBERNATION: ATP_REGEN]
[04:08:06] [CORTEX] [MEMORY: CONSOLIDATING]
[04:08:06] [CORTEX] [DELTA_WAVE: ACTIVE]
[04:08:06] [CORTEX] [MEMORY: CONSOLIDATING]
[04:08:06] [CORTEX] [SYS: PRUNING_WEAK_CONNECTIONS]
[04:08:06] [CORTEX] [RECHARGING: ...]
[04:08:06] [CORTEX] [MEMORY: CONSOLIDATING]
[04:08:06] [CORTEX] [RECHARGING: ...]
[04:08:06] [CORTEX] [MEMORY: CONSOLIDATING]
[04:08:06] [CORTEX] [SYS: PRUNING_WEAK_CONNECTIONS]
[04:08:06] [CORTEX] [DELTA_WAVE: ACTIVE]
[04:08:06] [CORTEX] [HIBERNATION: ATP_REGEN]
[04:08:06] [CORTEX] [RECHARGING: ...]
[04:08:07] [CORTEX] [HIBERNATION: ATP_REGEN]
[04:08:07] [CORTEX] [MEMORY: CONSOLIDATING]
[04:08:07] [CORTEX] [RECHARGING: ...]
[04:08:07] [CORTEX] [DELTA_WAVE: ACTIVE]
[04:08:07] [CORTEX] [MEMORY: CONSOLIDATING]
[04:08:07] [CORTEX] [SYS: PRUNING_WEAK_CONNECTIONS]
[04:08:07] [CORTEX] [DELTA_WAVE: ACTIVE]
[04:08:07] [CORTEX] [RECHARGING: ...]
[04:08:07] [CORTEX] [HIBERNATION: ATP_REGEN]
[04:08:07] [CORTEX] [MEMORY: CONSOLIDATING]
[04:08:07] [CORTEX] [SYS: PRUNING_WEAK_CONNECTIONS]
[04:08:08] [CORTEX] [RECHARGING: ...]
[04:08:08] [CORTEX] [DELTA_WAVE: ACTIVE]
[04:08:08] [CORTEX] [MEMORY: CONSOLIDATING]
[04:08:08] [CORTEX] [DELTA_WAVE: ACTIVE]
[04:08:08] [CORTEX] [SYS: PRUNING_WEAK_CONNECTIONS]
[04:08:08] [CORTEX] [DELTA_WAVE: ACTIVE]
[04:08:08] [CORTEX] [HIBERNATION: ATP_REGEN]
[04:08:08] [CORTEX] [SYS: PRUNING_WEAK_CONNECTIONS]
[04:08:08] [CORTEX] [MEMORY: CONSOLIDATING]
[04:08:08] [CORTEX] [HIBERNATION: ATP_REGEN]
[04:08:08] [CORTEX] [MEMORY: CONSOLIDATING]
[04:08:08] [CORTEX] [DELTA_WAVE: ACTIVE]
[04:08:08] [CORTEX] [SYS: PRUNING_WEAK_CONNECTIONS]
[04:08:09] [CORTEX] [HIBERNATION: ATP_REGEN]
[04:08:09] [CORTEX] [MEMORY: CONSOLIDATING]
[04:08:09] [CORTEX] [RECHARGING: ...]
[04:08:09] [CORTEX] [HIBERNATION: ATP_REGEN]
[04:08:09] [CORTEX] [SYS: PRUNING_WEAK_CONNECTIONS]
[04:08:09] [CORTEX] [MEMORY: CONSOLIDATING]
[04:08:09] [CORTEX] [HIBERNATION: ATP_REGEN]
[04:08:09] [CORTEX] [SYS: PRUNING_WEAK_CONNECTIONS]
[04:08:10] [CORTEX] [DELTA_WAVE: ACTIVE]
[04:08:10] [CORTEX] [MEMORY: CONSOLIDATING]
[04:08:10] [CORTEX] [HIBERNATION: ATP_REGEN]
[04:08:10] [CORTEX] [RECHARGING: ...]
[04:08:10] [CORTEX] [MEMORY: CONSOLIDATING]
[04:08:10] [CORTEX] [DELTA_WAVE: ACTIVE]
[04:08:10] [CORTEX] [HIBERNATION: ATP_REGEN]
[04:08:10] [CORTEX] [RECHARGING: ...]
[04:08:10] [CORTEX] [SYS: PRUNING_WEAK_CONNECTIONS]
[04:08:10] [CORTEX] [RECHARGING: ...]
[04:08:10] [CORTEX] [SYS: PRUNING_WEAK_CONNECTIONS]
[04:08:11] [CORTEX] [RECHARGING: ...]
[04:08:11] [CORTEX] [SYS: PRUNING_WEAK_CONNECTIONS]
[04:08:11] [CORTEX] [DELTA_WAVE: ACTIVE]
[04:08:11] [CORTEX] [MEMORY: CONSOLIDATING]
[04:08:11] [CORTEX] [RECHARGING: ...]
[04:08:11] [CORTEX] [DELTA_WAVE: ACTIVE]
[04:08:11] [CORTEX] [SYS: PRUNING_WEAK_CONNECTIONS]
[04:08:11] [CORTEX] [HIBERNATION: ATP_REGEN]
[04:08:11] [CORTEX] [MEMORY: CONSOLIDATING]
[04:08:11] [CORTEX] [RECHARGING: ...]
[04:08:11] [CORTEX] [DELTA_WAVE: ACTIVE]
[04:08:11] [CORTEX] [MEMORY: CONSOLIDATING]
[04:08:12] [CORTEX] [DELTA_WAVE: ACTIVE]
[04:08:12] [CORTEX] [SYS: PRUNING_WEAK_CONNECTIONS]
[04:08:12] [CORTEX] [MEMORY: CONSOLIDATING]
[04:08:12] [CORTEX] [SYS: PRUNING_WEAK_CONNECTIONS]
[04:08:12] [CORTEX] [RECHARGING: ...]
[04:08:12] [CORTEX] [HIBERNATION: ATP_REGEN]
[04:08:12] [CORTEX] [MEMORY: CONSOLIDATING]
[04:08:12] [CORTEX] [DELTA_WAVE: ACTIVE]
[04:08:12] [SYSTEM] WAKE UP SEQUENCE COMPLETE
[04:08:12] [CORTEX] [SYS: ENERGY_OPTIMAL] WAKING_SEQUENCE_INITIATED
[04:08:12] [BODY] ENDOCRINE_RESPONSE: ADR:+5.0
[04:08:12] [CORTEX] [NET: SYNAPSE_IDLE]
[04:08:13] [CORTEX] [SYS: OMEOS_CHECK_OK]
[04:08:13] [CORTEX] [MEM: INDEXING_FRAGMENTS]
[04:08:13] [CORTEX] [BG: SCANNING_INPUTS]
[04:08:13] [CORTEX] [SYS: AWAITING_STIMULUS]
[04:08:13] [CORTEX] [MEM: INDEXING_FRAGMENTS]
[04:08:13] [CORTEX] [BG: SCANNING_INPUTS]
[04:08:13] [CORTEX] [MEM: INDEXING_FRAGMENTS]
[04:08:13] [CORTEX] [NET: SYNAPSE_IDLE]
[04:08:13] [CORTEX] [BG: SCANNING_INPUTS]
[04:08:13] [CORTEX] [MEM: INDEXING_FRAGMENTS]
[04:08:13] [CORTEX] [NET: SYNAPSE_IDLE]
[04:08:13] [CORTEX] [MEM: INDEXING_FRAGMENTS]
[04:08:13] [CORTEX] [NET: SYNAPSE_IDLE]
[04:08:14] [CORTEX] [SYS: OMEOS_CHECK_OK]
[04:08:14] [CORTEX] [NET: SYNAPSE_IDLE]
[04:08:14] [CORTEX] [BG: SCANNING_INPUTS]
[04:08:14] [CORTEX] [NET: SYNAPSE_IDLE]
[04:08:14] [CORTEX] [SYS: AWAITING_STIMULUS]
[04:08:14] [CORTEX] [MEM: INDEXING_FRAGMENTS]
[04:08:14] [CORTEX] [NET: SYNAPSE_IDLE]
[04:08:14] [CORTEX] [MEM: INDEXING_FRAGMENTS]
[04:08:15] [CORTEX] [BG: SCANNING_INPUTS]
[04:08:15] [CORTEX] [SYS: AWAITING_STIMULUS]
[04:08:15] [CORTEX] [NET: SYNAPSE_IDLE]
[04:08:15] [CORTEX] [SYS: OMEOS_CHECK_OK]
[04:08:15] [CORTEX] [SYS: AWAITING_STIMULUS]
[04:08:15] [CORTEX] [SYS: OMEOS_CHECK_OK]
[04:08:15] [CORTEX] [MEM: INDEXING_FRAGMENTS]
[04:08:15] [CORTEX] [SYS: OMEOS_CHECK_OK]
[04:08:15] [CORTEX] [BG: SCANNING_INPUTS]
[04:08:16] [CORTEX] [SYS: AWAITING_STIMULUS]
[04:08:16] [CORTEX] [SYS: OMEOS_CHECK_OK]
[04:08:16] [CORTEX] [BG: SCANNING_INPUTS]
[04:08:16] [CORTEX] [SYS: OMEOS_CHECK_OK]
[04:08:16] [CORTEX] [MEM: INDEXING_FRAGMENTS]
[04:08:16] [CORTEX] [BG: SCANNING_INPUTS]
[04:08:16] [CORTEX] [SYS: AWAITING_STIMULUS]
[04:08:16] [CORTEX] [NET: SYNAPSE_IDLE]
[04:08:16] [CORTEX] [SYS: AWAITING_STIMULUS]
[04:08:16] [CORTEX] [NET: SYNAPSE_IDLE]
[04:08:16] [CORTEX] [SYS: OMEOS_CHECK_OK]
[04:08:16] [CORTEX] [MEM: INDEXING_FRAGMENTS]
[04:08:17] [CORTEX] [SYS: AWAITING_STIMULUS]
[04:08:17] [CORTEX] [SYS: OMEOS_CHECK_OK]
[04:08:17] [CORTEX] [SYS: AWAITING_STIMULUS]
[04:08:17] [CORTEX] [MEM: INDEXING_FRAGMENTS]
[04:08:17] [CORTEX] [SYS: OMEOS_CHECK_OK]
[04:08:17] [CORTEX] [NET: SYNAPSE_IDLE]
[04:08:17] [CORTEX] [SYS: AWAITING_STIMULUS]
[04:08:17] [CORTEX] [SYS: OMEOS_CHECK_OK]
[04:08:17] [CORTEX] [BG: SCANNING_INPUTS]
[04:08:17] [CORTEX] [SYS: OMEOS_CHECK_OK]
[04:08:17] [CORTEX] [MEM: INDEXING_FRAGMENTS]
[04:08:18] [CORTEX] [BG: SCANNING_INPUTS]
[04:08:18] [CORTEX] [SYS: AWAITING_STIMULUS]
[04:08:18] [CORTEX] [MEM: INDEXING_FRAGMENTS]
[04:08:18] [CORTEX] [NET: SYNAPSE_IDLE]
[04:08:18] [CORTEX] [MEM: INDEXING_FRAGMENTS]
[04:08:18] [CORTEX] [SYS: OMEOS_CHECK_OK]
[04:08:18] [CORTEX] [NET: SYNAPSE_IDLE]
[04:08:18] [CORTEX] [BG: SCANNING_INPUTS]
[04:08:18] [CORTEX] [MEM: INDEXING_FRAGMENTS]
[04:08:18] [CORTEX] [NET: SYNAPSE_IDLE]
[04:08:18] [CORTEX] [MEM: INDEXING_FRAGMENTS]
[04:08:19] [CORTEX] [SYS: AWAITING_STIMULUS]
[04:08:19] [CORTEX] [MEM: INDEXING_FRAGMENTS]
[04:08:19] [CORTEX] [SYS: AWAITING_STIMULUS]
[04:08:19] [CORTEX] [NET: SYNAPSE_IDLE]
[04:08:19] [CORTEX] [SYS: AWAITING_STIMULUS]
[04:08:19] [CORTEX] [NET: SYNAPSE_IDLE]
[04:08:19] [CORTEX] [SYS: OMEOS_CHECK_OK]
[04:08:19] [CORTEX] [SYS: AWAITING_STIMULUS]
[04:08:19] [CORTEX] [SYS: OMEOS_CHECK_OK]
[04:08:19] [CORTEX] [MEM: INDEXING_FRAGMENTS]
[04:08:19] [CORTEX] [SYS: OMEOS_CHECK_OK]
[04:08:20] [CORTEX] [MEM: INDEXING_FRAGMENTS]
[04:08:20] [CORTEX] [NET: SYNAPSE_IDLE]
[04:08:20] [CORTEX] [BG: SCANNING_INPUTS]
[04:08:20] [CORTEX] [SYS: OMEOS_CHECK_OK]
[04:08:20] [CORTEX] [SYS: AWAITING_STIMULUS]
[04:08:20] [CORTEX] [MEM: INDEXING_FRAGMENTS]
[04:08:20] [CORTEX] [SYS: OMEOS_CHECK_OK]
[04:08:20] [CORTEX] [NET: SYNAPSE_IDLE]
[04:08:20] [CORTEX] [SYS: AWAITING_STIMULUS]
[04:08:20] [CORTEX] [MEM: INDEXING_FRAGMENTS]
[04:08:21] [CORTEX] [SYS: AWAITING_STIMULUS]
[04:08:21] [CORTEX] [NET: SYNAPSE_IDLE]
[04:08:21] [CORTEX] [SYS: OMEOS_CHECK_OK]
[04:08:21] [CORTEX] [NET: SYNAPSE_IDLE]
[04:08:21] [CORTEX] [BG: SCANNING_INPUTS]
[04:08:21] [CORTEX] [SYS: AWAITING_STIMULUS]
[04:08:21] [CORTEX] [SYS: OMEOS_CHECK_OK]
[04:08:21] [CORTEX] [BG: SCANNING_INPUTS]
[04:08:21] [CORTEX] [SYS: AWAITING_STIMULUS]
[04:08:21] [CORTEX] [MEM: INDEXING_FRAGMENTS]
[04:08:21] [CORTEX] [SYS: AWAITING_STIMULUS]
[04:08:21] [CORTEX] [BG: SCANNING_INPUTS]
[04:08:22] [CORTEX] [MEM: INDEXING_FRAGMENTS]
[04:08:22] [CORTEX] [SYS: OMEOS_CHECK_OK]
[04:08:22] [CORTEX] [MEM: INDEXING_FRAGMENTS]
[04:08:22] [CORTEX] [NET: SYNAPSE_IDLE]
[04:08:22] [CORTEX] [MEM: INDEXING_FRAGMENTS]
[04:08:22] [CORTEX] [BG: SCANNING_INPUTS]
[04:08:22] [CORTEX] [MEM: INDEXING_FRAGMENTS]
[04:08:22] [CORTEX] [SYS: OMEOS_CHECK_OK]
[04:08:23] [CORTEX] [SYS: AWAITING_STIMULUS]
[04:08:23] [CORTEX] [NET: SYNAPSE_IDLE]
[04:08:23] [CORTEX] [SYS: AWAITING_STIMULUS]
[04:08:23] [CORTEX] [MEM: INDEXING_FRAGMENTS]
[04:08:23] [CORTEX] [BG: SCANNING_INPUTS]
[04:08:23] [CORTEX] [SYS: AWAITING_STIMULUS]
[04:08:23] [CORTEX] [MEM: INDEXING_FRAGMENTS]
[04:08:23] [CORTEX] [SYS: OMEOS_CHECK_OK]
[04:08:23] [CORTEX] [NET: SYNAPSE_IDLE]
[04:08:23] [CORTEX] [SYS: OMEOS_CHECK_OK]
[04:08:23] [CORTEX] [MEM: INDEXING_FRAGMENTS]
[04:08:24] [CORTEX] [SYS: OMEOS_CHECK_OK]
[04:08:24] [CORTEX] [BG: SCANNING_INPUTS]
[04:08:24] [CORTEX] [NET: SYNAPSE_IDLE]
[04:08:24] [CORTEX] [BG: SCANNING_INPUTS]
[04:08:24] [CORTEX] [NET: SYNAPSE_IDLE]
[04:08:24] [CORTEX] [SYS: OMEOS_CHECK_OK]
[04:08:24] [CORTEX] [MEM: INDEXING_FRAGMENTS]
[04:08:24] [CORTEX] [SYS: AWAITING_STIMULUS]
[04:08:24] [CORTEX] [NET: SYNAPSE_IDLE]
[04:08:24] [CORTEX] [SYS: OMEOS_CHECK_OK]
[04:08:25] [CORTEX] [BG: SCANNING_INPUTS]
[04:08:25] [CORTEX] [SYS: OMEOS_CHECK_OK]
[04:08:25] [CORTEX] [SYS: AWAITING_STIMULUS]
[04:08:25] [CORTEX] [SYS: OMEOS_CHECK_OK]
[04:08:25] [CORTEX] [MEM: INDEXING_FRAGMENTS]
[04:08:25] [CORTEX] [SYS: AWAITING_STIMULUS]
[04:08:25] [CORTEX] [MEM: INDEXING_FRAGMENTS]
[04:08:25] [CORTEX] [BG: SCANNING_INPUTS]
[04:08:25] [CORTEX] [NET: SYNAPSE_IDLE]
[04:08:25] [CORTEX] [SYS: OMEOS_CHECK_OK]
[04:08:26] [CORTEX] [MEM: INDEXING_FRAGMENTS]
[04:08:26] [CORTEX] [BG: SCANNING_INPUTS]
[04:08:26] [CORTEX] [SYS: AWAITING_STIMULUS]
[04:08:26] [CORTEX] [MEM: INDEXING_FRAGMENTS]
[04:08:26] [CORTEX] [BG: SCANNING_INPUTS]
[04:08:26] [CORTEX] [MEM: INDEXING_FRAGMENTS]
[04:08:26] [CORTEX] [BG: SCANNING_INPUTS]
[04:08:26] [CORTEX] [NET: SYNAPSE_IDLE]
[04:08:26] [CORTEX] [BG: SCANNING_INPUTS]
[04:08:26] [CORTEX] [NET: SYNAPSE_IDLE]
[04:08:26] [CORTEX] [BG: SCANNING_INPUTS]
[04:08:27] [CORTEX] [MEM: INDEXING_FRAGMENTS]
[04:08:27] [CORTEX] [SYS: AWAITING_STIMULUS]
[04:08:27] [CORTEX] [BG: SCANNING_INPUTS]
[04:08:27] [CORTEX] [SYS: OMEOS_CHECK_OK]
[04:08:27] [CORTEX] [BG: SCANNING_INPUTS]
[04:08:27] [CORTEX] [NET: SYNAPSE_IDLE]
[04:08:27] [CORTEX] [MEM: INDEXING_FRAGMENTS]
[04:08:27] [CORTEX] [BG: SCANNING_INPUTS]
[04:08:27] [CORTEX] [MEM: INDEXING_FRAGMENTS]
[04:08:27] [CORTEX] [NET: SYNAPSE_IDLE]
[04:08:28] [CORTEX] [SYS: AWAITING_STIMULUS]
[04:08:28] [CORTEX] [MEM: INDEXING_FRAGMENTS]
[04:08:28] [CORTEX] [BG: SCANNING_INPUTS]
[04:08:28] [CORTEX] [SYS: AWAITING_STIMULUS]
[04:08:28] [CORTEX] [BG: SCANNING_INPUTS]
[04:08:28] [CORTEX] [NET: SYNAPSE_IDLE]
[04:08:28] [CORTEX] [BG: SCANNING_INPUTS]
[04:08:28] [CORTEX] [SYS: AWAITING_STIMULUS]
[04:08:28] [CORTEX] [MEM: INDEXING_FRAGMENTS]
[04:08:28] [CORTEX] [SYS: AWAITING_STIMULUS]
[04:08:28] [CORTEX] [BG: SCANNING_INPUTS]
[04:08:28] [CORTEX] [SYS: OMEOS_CHECK_OK]
[04:08:29] [CORTEX] [NET: SYNAPSE_IDLE]
[04:08:29] [CORTEX] [SYS: OMEOS_CHECK_OK]
[04:08:29] [CORTEX] [SYS: AWAITING_STIMULUS]
[04:08:29] [CORTEX] [MEM: INDEXING_FRAGMENTS]
[04:08:29] [CORTEX] [BG: SCANNING_INPUTS]
[04:08:29] [CORTEX] [SYS: AWAITING_STIMULUS]
[04:08:29] [CORTEX] [NET: SYNAPSE_IDLE]
[04:08:29] [CORTEX] [SYS: OMEOS_CHECK_OK]
[04:08:29] [CORTEX] [BG: SCANNING_INPUTS]
[04:08:29] [CORTEX] [SYS: OMEOS_CHECK_OK]
[04:08:30] [CORTEX] [NET: SYNAPSE_IDLE]
[04:08:30] [CORTEX] [BG: SCANNING_INPUTS]
[04:08:30] [CORTEX] [SYS: AWAITING_STIMULUS]
[04:08:30] [CORTEX] [BG: SCANNING_INPUTS]
[04:08:30] [CORTEX] [MEM: INDEXING_FRAGMENTS]
[04:08:30] [CORTEX] [SYS: OMEOS_CHECK_OK]
[04:08:30] [CORTEX] [BG: SCANNING_INPUTS]
[04:08:30] [CORTEX] [MEM: INDEXING_FRAGMENTS]
[04:08:30] [CORTEX] [BG: SCANNING_INPUTS]
[04:08:30] [CORTEX] [NET: SYNAPSE_IDLE]
[04:08:30] [CORTEX] [BG: SCANNING_INPUTS]
[04:08:31] [CORTEX] [NET: SYNAPSE_IDLE]
[04:08:31] [CORTEX] [SYS: AWAITING_STIMULUS]
[04:08:31] [CORTEX] [NET: SYNAPSE_IDLE]
[04:08:31] [CORTEX] [MEM: INDEXING_FRAGMENTS]
[04:08:31] [CORTEX] [NET: SYNAPSE_IDLE]
[04:08:31] [CORTEX] [SYS: OMEOS_CHECK_OK]
[04:08:31] [CORTEX] [SYS: AWAITING_STIMULUS]
[04:08:31] [CORTEX] [SYS: OMEOS_CHECK_OK]
[04:08:32] [CORTEX] [SYS: AWAITING_STIMULUS]
[04:08:32] [CORTEX] [SYS: OMEOS_CHECK_OK]
[04:08:32] [CORTEX] [BG: SCANNING_INPUTS]
[04:08:32] [CORTEX] [MEM: INDEXING_FRAGMENTS]
[04:08:32] [CORTEX] [BG: SCANNING_INPUTS]
[04:08:32] [CORTEX] [SYS: OMEOS_CHECK_OK]
[04:08:32] [CORTEX] [MEM: INDEXING_FRAGMENTS]
[04:08:32] [CORTEX] [NET: SYNAPSE_IDLE]
[04:08:32] [CORTEX] [BG: SCANNING_INPUTS]
[04:08:32] [CORTEX] [MEM: INDEXING_FRAGMENTS]
[04:08:32] [CORTEX] [SYS: AWAITING_STIMULUS]
[04:08:33] [CORTEX] [MEM: INDEXING_FRAGMENTS]
[04:08:33] [CORTEX] [BG: SCANNING_INPUTS]
[04:08:33] [CORTEX] [NET: SYNAPSE_IDLE]
[04:08:33] [CORTEX] [SYS: AWAITING_STIMULUS]
[04:08:33] [CORTEX] [BG: SCANNING_INPUTS]
[04:08:33] [CORTEX] [SYS: AWAITING_STIMULUS]
[04:08:33] [CORTEX] [MEM: INDEXING_FRAGMENTS]
[04:08:33] [CORTEX] [NET: SYNAPSE_IDLE]
[04:08:33] [CORTEX] [SYS: OMEOS_CHECK_OK]
[04:08:33] [CORTEX] [NET: SYNAPSE_IDLE]
[04:08:33] [CORTEX] [SYS: AWAITING_STIMULUS]
[04:08:34] [CORTEX] [BG: SCANNING_INPUTS]
[04:08:34] [CORTEX] [NET: SYNAPSE_IDLE]
[04:08:34] [CORTEX] [SYS: OMEOS_CHECK_OK]
[04:08:34] [CORTEX] [MEM: INDEXING_FRAGMENTS]
[04:08:34] [CORTEX] [SYS: OMEOS_CHECK_OK]
[04:08:34] [CORTEX] [NET: SYNAPSE_IDLE]
[04:08:34] [CORTEX] [SYS: AWAITING_STIMULUS]
[04:08:34] [CORTEX] [MEM: INDEXING_FRAGMENTS]
[04:08:34] [CORTEX] [NET: SYNAPSE_IDLE]
[04:08:35] [CORTEX] [SYS: OMEOS_CHECK_OK]
[04:08:35] [CORTEX] [SYS: AWAITING_STIMULUS]
[04:08:35] [CORTEX] [SYS: OMEOS_CHECK_OK]
[04:08:35] [CORTEX] [SYS: AWAITING_STIMULUS]
[04:08:35] [CORTEX] [SYS: OMEOS_CHECK_OK]
[04:08:35] [CORTEX] [NET: SYNAPSE_IDLE]
[04:08:35] [CORTEX] [MEM: INDEXING_FRAGMENTS]
[04:08:35] [CORTEX] [SYS: OMEOS_CHECK_OK]
[04:08:35] [CORTEX] [MEM: INDEXING_FRAGMENTS]
[04:08:36] [CORTEX] [SYS: OMEOS_CHECK_OK]
[04:08:36] [CORTEX] [BG: SCANNING_INPUTS]
[04:08:36] [CORTEX] [SYS: OMEOS_CHECK_OK]
[04:08:36] [CORTEX] [SYS: AWAITING_STIMULUS]
[04:08:36] [CORTEX] [MEM: INDEXING_FRAGMENTS]
[04:08:36] [CORTEX] [NET: SYNAPSE_IDLE]
[04:08:36] [CORTEX] [MEM: INDEXING_FRAGMENTS]
[04:08:36] [CORTEX] [BG: SCANNING_INPUTS]
[04:08:36] [CORTEX] [SYS: AWAITING_STIMULUS]
[04:08:36] [CORTEX] [SYS: OMEOS_CHECK_OK]
[04:08:36] [CORTEX] [MEM: INDEXING_FRAGMENTS]
[04:08:36] [CORTEX] [SYS: OMEOS_CHECK_OK]
[04:08:36] [CORTEX] [NET: SYNAPSE_IDLE]
[04:08:36] [CORTEX] [SYS: AWAITING_STIMULUS]
[04:08:37] [CORTEX] [SYS: OMEOS_CHECK_OK]
[04:08:37] [CORTEX] [NET: SYNAPSE_IDLE]
[04:08:37] [CORTEX] [MEM: INDEXING_FRAGMENTS]
[04:08:37] [CORTEX] [NET: SYNAPSE_IDLE]
[04:08:37] [CORTEX] [BG: SCANNING_INPUTS]
[04:08:37] [CORTEX] [MEM: INDEXING_FRAGMENTS]
[04:08:37] [CORTEX] [NET: SYNAPSE_IDLE]
[04:08:37] [CORTEX] [SYS: AWAITING_STIMULUS]
[04:08:37] [CORTEX] [SYS: OMEOS_CHECK_OK]
[04:08:37] [CORTEX] [NET: SYNAPSE_IDLE]
[04:08:38] [CORTEX] [SYS: OMEOS_CHECK_OK]
[04:08:38] [CORTEX] [SYS: AWAITING_STIMULUS]
[04:08:38] [CORTEX] [BG: SCANNING_INPUTS]
[04:08:38] [CORTEX] [SYS: OMEOS_CHECK_OK]
[04:08:38] [CORTEX] [BG: SCANNING_INPUTS]
[04:08:38] [CORTEX] [MEM: INDEXING_FRAGMENTS]
[04:08:38] [CORTEX] [SYS: AWAITING_STIMULUS]
[04:08:38] [CORTEX] [NET: SYNAPSE_IDLE]
[04:08:38] [CORTEX] [BG: SCANNING_INPUTS]
[04:08:38] [CORTEX] [MEM: INDEXING_FRAGMENTS]
[04:08:38] [CORTEX] [BG: SCANNING_INPUTS]
[04:08:38] [CORTEX] [SYS: OMEOS_CHECK_OK]
[04:08:38] [CORTEX] [MEM: INDEXING_FRAGMENTS]
[04:08:39] [CORTEX] [SYS: AWAITING_STIMULUS]
[04:08:39] [CORTEX] [SYS: OMEOS_CHECK_OK]
[04:08:39] [CORTEX] [SYS: AWAITING_STIMULUS]
[04:08:39] [CORTEX] [NET: SYNAPSE_IDLE]
[04:08:39] [CORTEX] [SYS: OMEOS_CHECK_OK]
[04:08:39] [CORTEX] [SYS: AWAITING_STIMULUS]
[04:08:39] [CORTEX] [MEM: INDEXING_FRAGMENTS]
[04:08:39] [CORTEX] [BG: SCANNING_INPUTS]
[04:08:39] [CORTEX] [SYS: AWAITING_STIMULUS]
[04:08:39] [CORTEX] [NET: SYNAPSE_IDLE]
[04:08:40] [CORTEX] [BG: SCANNING_INPUTS]
[04:08:40] [CORTEX] [NET: SYNAPSE_IDLE]
[04:08:40] [CORTEX] [BG: SCANNING_INPUTS]
[04:08:40] [CORTEX] [SYS: OMEOS_CHECK_OK]
[04:08:40] [CORTEX] [SYS: AWAITING_STIMULUS]
[04:08:40] [CORTEX] [SYS: OMEOS_CHECK_OK]
[04:08:40] [CORTEX] [SYS: AWAITING_STIMULUS]
[04:08:40] [CORTEX] [NET: SYNAPSE_IDLE]
[04:08:40] [CORTEX] [SYS: AWAITING_STIMULUS]
[04:08:40] [CORTEX] [BG: SCANNING_INPUTS]
[04:08:40] [CORTEX] [SYS: OMEOS_CHECK_OK]
[04:08:41] [CORTEX] [MEM: INDEXING_FRAGMENTS]
[04:08:41] [CORTEX] [SYS: OMEOS_CHECK_OK]
[04:08:41] [CORTEX] [MEM: INDEXING_FRAGMENTS]
[04:08:41] [CORTEX] [BG: SCANNING_INPUTS]
[04:08:41] [CORTEX] [SYS: AWAITING_STIMULUS]
[04:08:41] [CORTEX] [NET: SYNAPSE_IDLE]
[04:08:41] [CORTEX] [SYS: AWAITING_STIMULUS]
[04:08:41] [CORTEX] [NET: SYNAPSE_IDLE]
[04:08:41] [CORTEX] [SYS: AWAITING_STIMULUS]
[04:08:41] [CORTEX] [BG: SCANNING_INPUTS]
[04:08:41] [CORTEX] [NET: SYNAPSE_IDLE]
[04:08:42] [CORTEX] [MEM: INDEXING_FRAGMENTS]
[04:08:42] [CORTEX] [SYS: AWAITING_STIMULUS]
[04:08:42] [CORTEX] [NET: SYNAPSE_IDLE]
[04:08:42] [CORTEX] [SYS: OMEOS_CHECK_OK]
[04:08:42] [CORTEX] [BG: SCANNING_INPUTS]
[04:08:42] [CORTEX] [MEM: INDEXING_FRAGMENTS]
[04:08:42] [CORTEX] [SYS: OMEOS_CHECK_OK]
[04:08:42] [CORTEX] [NET: SYNAPSE_IDLE]
[04:08:42] [CORTEX] [SYS: AWAITING_STIMULUS]
[04:08:42] [CORTEX] [MEM: INDEXING_FRAGMENTS]
[04:08:43] [CORTEX] [SYS: AWAITING_STIMULUS]
[04:08:43] [CORTEX] [NET: SYNAPSE_IDLE]
[04:08:43] [CORTEX] [SYS: OMEOS_CHECK_OK]
[04:08:43] [CORTEX] [SYS: AWAITING_STIMULUS]
[04:08:43] [CORTEX] [NET: SYNAPSE_IDLE]
[04:08:43] [CORTEX] [MEM: INDEXING_FRAGMENTS]
[04:08:43] [CORTEX] [SYS: OMEOS_CHECK_OK]
[04:08:43] [CORTEX] [SYS: AWAITING_STIMULUS]
[04:08:43] [CORTEX] [BG: SCANNING_INPUTS]
[04:08:44] [CORTEX] [MEM: INDEXING_FRAGMENTS]
[04:08:44] [CORTEX] [NET: SYNAPSE_IDLE]
[04:08:44] [CORTEX] [SYS: AWAITING_STIMULUS]
[04:08:44] [CORTEX] [MEM: INDEXING_FRAGMENTS]
[04:08:44] [CORTEX] [NET: SYNAPSE_IDLE]
[04:08:44] [CORTEX] [MEM: INDEXING_FRAGMENTS]
[04:08:44] [CORTEX] [NET: SYNAPSE_IDLE]
[04:08:44] [CORTEX] [SYS: OMEOS_CHECK_OK]
[04:08:44] [CORTEX] [NET: SYNAPSE_IDLE]
[04:08:44] [CORTEX] [MEM: INDEXING_FRAGMENTS]
[04:08:44] [CORTEX] [NET: SYNAPSE_IDLE]
[04:08:44] [CORTEX] [SYS: AWAITING_STIMULUS]
[04:08:45] [CORTEX] [NET: SYNAPSE_IDLE]
[04:08:45] [CORTEX] [MEM: INDEXING_FRAGMENTS]
[04:08:45] [CORTEX] [SYS: AWAITING_STIMULUS]
[04:08:45] [CORTEX] [NET: SYNAPSE_IDLE]
[04:08:45] [SYSTEM] EVOLUTION: Ganglio Basale (Riflessi)
[04:08:45] [CORTEX] [SYS: OMEOS_CHECK_OK]
[04:08:45] [CORTEX] [MEM: INDEXING_FRAGMENTS]
[04:08:45] [CORTEX] [NET: SYNAPSE_IDLE]
[04:08:45] [CORTEX] [SYS: OMEOS_CHECK_OK]
[04:08:45] [CORTEX] [SYS: AWAITING_STIMULUS]
[04:08:45] [CORTEX] [SYS: OMEOS_CHECK_OK]
[04:08:45] [CORTEX] [NET: SYNAPSE_IDLE]
[04:08:46] [CORTEX] [SYS: AWAITING_STIMULUS]
[04:08:46] [CORTEX] [NET: SYNAPSE_IDLE]
[04:08:46] [CORTEX] [SYS: OMEOS_CHECK_OK]
[04:08:46] [CORTEX] [NET: SYNAPSE_IDLE]
[04:08:46] [CORTEX] [SYS: AWAITING_STIMULUS]
[04:08:46] [CORTEX] [MEM: INDEXING_FRAGMENTS]
[04:08:46] [CORTEX] [SYS: AWAITING_STIMULUS]
[04:08:46] [CORTEX] [MEM: INDEXING_FRAGMENTS]
[04:08:46] [CORTEX] [SYS: AWAITING_STIMULUS]
[04:08:46] [CORTEX] [NET: SYNAPSE_IDLE]
[04:08:46] [CORTEX] [BG: SCANNING_INPUTS]
[04:08:46] [CORTEX] [SYS: OMEOS_CHECK_OK]
[04:08:47] [CORTEX] [BG: SCANNING_INPUTS]
[04:08:47] [CORTEX] [NET: SYNAPSE_IDLE]
[04:08:47] [CORTEX] [SYS: AWAITING_STIMULUS]
[04:08:47] [CORTEX] [BG: SCANNING_INPUTS]
[04:08:47] [CORTEX] [MEM: INDEXING_FRAGMENTS]
[04:08:47] [CORTEX] [SYS: AWAITING_STIMULUS]
[04:08:47] [CORTEX] [BG: SCANNING_INPUTS]
[04:08:47] [CORTEX] [NET: SYNAPSE_IDLE]
[04:08:47] [CORTEX] [BG: SCANNING_INPUTS]
[04:08:47] [CORTEX] [SYS: AWAITING_STIMULUS]
[04:08:47] [CORTEX] [NET: SYNAPSE_IDLE]
[04:08:47] [CORTEX] [MEM: INDEXING_FRAGMENTS]
[04:08:47] [CORTEX] [SYS: OMEOS_CHECK_OK]
[04:08:48] [CORTEX] [NET: SYNAPSE_IDLE]
[04:08:48] [CORTEX] [BG: SCANNING_INPUTS]
[04:08:48] [CORTEX] [SYS: OMEOS_CHECK_OK]
[04:08:48] [CORTEX] [SYS: AWAITING_STIMULUS]
[04:08:48] [CORTEX] [BG: SCANNING_INPUTS]
[04:08:48] [CORTEX] [SYS: AWAITING_STIMULUS]
[04:08:48] [CORTEX] [NET: SYNAPSE_IDLE]
[04:08:48] [CORTEX] [SYS: AWAITING_STIMULUS]
[04:08:48] [CORTEX] [MEM: INDEXING_FRAGMENTS]
[04:08:48] [CORTEX] [BG: SCANNING_INPUTS]
[04:08:48] [CORTEX] [SYS: OMEOS_CHECK_OK]
[04:08:49] [CORTEX] [BG: SCANNING_INPUTS]
[04:08:49] [CORTEX] [NET: SYNAPSE_IDLE]
[04:08:49] [CORTEX] [BG: SCANNING_INPUTS]
[04:08:49] [CORTEX] [NET: SYNAPSE_IDLE]
[04:08:49] [CORTEX] [MEM: INDEXING_FRAGMENTS]
[04:08:49] [CORTEX] [SYS: AWAITING_STIMULUS]
[04:08:49] [CORTEX] [SYS: OMEOS_CHECK_OK]
[04:08:49] [CORTEX] [SYS: AWAITING_STIMULUS]
[04:08:49] [CORTEX] [BG: SCANNING_INPUTS]
[04:08:49] [CORTEX] [NET: SYNAPSE_IDLE]
[04:08:50] [CORTEX] [BG: SCANNING_INPUTS]
[04:08:50] [CORTEX] [SYS: AWAITING_STIMULUS]
[04:08:50] [CORTEX] [SYS: OMEOS_CHECK_OK]
[04:08:50] [CORTEX] [MEM: INDEXING_FRAGMENTS]
[04:08:50] [CORTEX] [BG: SCANNING_INPUTS]
[04:08:50] [CORTEX] [SYS: OMEOS_CHECK_OK]
[04:08:50] [CORTEX] [SYS: AWAITING_STIMULUS]
[04:08:50] [CORTEX] [MEM: INDEXING_FRAGMENTS]
[04:08:50] [CORTEX] [BG: SCANNING_INPUTS]
[04:08:50] [CORTEX] [SYS: AWAITING_STIMULUS]
[04:08:50] [CORTEX] [NET: SYNAPSE_IDLE]
[04:08:50] [CORTEX] [SYS: OMEOS_CHECK_OK]
[04:08:51] [CORTEX] [SYS: AWAITING_STIMULUS]
[04:08:51] [CORTEX] [MEM: INDEXING_FRAGMENTS]
[04:08:51] [CORTEX] [NET: SYNAPSE_IDLE]
[04:08:51] [CORTEX] [MEM: INDEXING_FRAGMENTS]
[04:08:51] [CORTEX] [NET: SYNAPSE_IDLE]
[04:08:51] [CORTEX] [SYS: OMEOS_CHECK_OK]
[04:08:51] [CORTEX] [NET: SYNAPSE_IDLE]
[04:08:51] [CORTEX] [BG: SCANNING_INPUTS]
[04:08:51] [CORTEX] [SYS: OMEOS_CHECK_OK]
[04:08:51] [CORTEX] [MEM: INDEXING_FRAGMENTS]
[04:08:51] [CORTEX] [NET: SYNAPSE_IDLE]
[04:08:52] [CORTEX] [BG: SCANNING_INPUTS]
[04:08:52] [CORTEX] [SYS: OMEOS_CHECK_OK]
[04:08:52] [CORTEX] [SYS: AWAITING_STIMULUS]
[04:08:52] [CORTEX] [BG: SCANNING_INPUTS]
[04:08:52] [CORTEX] [MEM: INDEXING_FRAGMENTS]
[04:08:52] [CORTEX] [SYS: AWAITING_STIMULUS]
[04:08:52] [CORTEX] [SYS: OMEOS_CHECK_OK]
[04:08:52] [CORTEX] [BG: SCANNING_INPUTS]
[04:08:52] [CORTEX] [NET: SYNAPSE_IDLE]
[04:08:53] [CORTEX] [BG: SCANNING_INPUTS]
[04:08:53] [CORTEX] [NET: SYNAPSE_IDLE]
[04:08:53] [CORTEX] [SYS: AWAITING_STIMULUS]
[04:08:53] [CORTEX] [BG: SCANNING_INPUTS]
[04:08:53] [CORTEX] [SYS: AWAITING_STIMULUS]
[04:08:53] [CORTEX] [SYS: OMEOS_CHECK_OK]
[04:08:53] [CORTEX] [NET: SYNAPSE_IDLE]
[04:08:53] [CORTEX] [MEM: INDEXING_FRAGMENTS]
[04:08:53] [CORTEX] [NET: SYNAPSE_IDLE]
[04:08:53] [CORTEX] [MEM: INDEXING_FRAGMENTS]
[04:08:53] [CORTEX] [SYS: OMEOS_CHECK_OK]
[04:08:53] [CORTEX] [MEM: INDEXING_FRAGMENTS]
[04:08:53] [CORTEX] [SYS: OMEOS_CHECK_OK]
[04:08:54] [CORTEX] [SYS: AWAITING_STIMULUS]
[04:08:54] [CORTEX] [NET: SYNAPSE_IDLE]
[04:08:54] [CORTEX] [SYS: OMEOS_CHECK_OK]
[04:08:54] [CORTEX] [SYS: AWAITING_STIMULUS]
[04:08:54] [CORTEX] [SYS: OMEOS_CHECK_OK]
[04:08:54] [CORTEX] [NET: SYNAPSE_IDLE]
[04:08:54] [CORTEX] [SYS: OMEOS_CHECK_OK]
[04:08:54] [CORTEX] [MEM: INDEXING_FRAGMENTS]
[04:08:54] [CORTEX] [BG: SCANNING_INPUTS]
[04:08:55] [CORTEX] [SYS: OMEOS_CHECK_OK]
[04:08:55] [CORTEX] [SYS: AWAITING_STIMULUS]
[04:08:55] [CORTEX] [SYS: OMEOS_CHECK_OK]
[04:08:55] [CORTEX] [MEM: INDEXING_FRAGMENTS]
[04:08:55] [CORTEX] [SYS: AWAITING_STIMULUS]
[04:08:55] [CORTEX] [BG: SCANNING_INPUTS]
[04:08:55] [CORTEX] [SYS: OMEOS_CHECK_OK]
[04:08:55] [CORTEX] [NET: SYNAPSE_IDLE]
[04:08:55] [CORTEX] [SYS: AWAITING_STIMULUS]
[04:08:55] [CORTEX] [SYS: OMEOS_CHECK_OK]
[04:08:55] [CORTEX] [BG: SCANNING_INPUTS]
[04:08:56] [CORTEX] [NET: SYNAPSE_IDLE]
[04:08:56] [CORTEX] [BG: SCANNING_INPUTS]
[04:08:56] [CORTEX] [NET: SYNAPSE_IDLE]
[04:08:56] [CORTEX] [BG: SCANNING_INPUTS]
[04:08:56] [CORTEX] [SYS: AWAITING_STIMULUS]
[04:08:56] [CORTEX] [NET: SYNAPSE_IDLE]
[04:08:56] [CORTEX] [MEM: INDEXING_FRAGMENTS]
[04:08:56] [CORTEX] [NET: SYNAPSE_IDLE]
[04:08:56] [CORTEX] [SYS: OMEOS_CHECK_OK]
[04:08:56] [CORTEX] [BG: SCANNING_INPUTS]
[04:08:57] [CORTEX] [SYS: OMEOS_CHECK_OK]
[04:08:57] [CORTEX] [NET: SYNAPSE_IDLE]
[04:08:57] [CORTEX] [MEM: INDEXING_FRAGMENTS]
[04:08:57] [CORTEX] [SYS: AWAITING_STIMULUS]
[04:08:57] [CORTEX] [BG: SCANNING_INPUTS]
[04:08:57] [CORTEX] [NET: SYNAPSE_IDLE]
[04:08:57] [CORTEX] [MEM: INDEXING_FRAGMENTS]
[04:08:57] [CORTEX] [SYS: AWAITING_STIMULUS]
[04:08:57] [CORTEX] [SYS: OMEOS_CHECK_OK]
[04:08:57] [CORTEX] [NET: SYNAPSE_IDLE]
[04:08:57] [CORTEX] [MEM: INDEXING_FRAGMENTS]
[04:08:57] [CORTEX] [SYS: OMEOS_CHECK_OK]
[04:08:58] [CORTEX] [MEM: INDEXING_FRAGMENTS]
[04:08:58] [CORTEX] [SYS: AWAITING_STIMULUS]
[04:08:58] [CORTEX] [SYS: OMEOS_CHECK_OK]
[04:08:58] [CORTEX] [MEM: INDEXING_FRAGMENTS]
[04:08:58] [CORTEX] [BG: SCANNING_INPUTS]
[04:08:58] [CORTEX] [MEM: INDEXING_FRAGMENTS]
[04:08:58] [CORTEX] [SYS: AWAITING_STIMULUS]
[04:08:58] [CORTEX] [NET: SYNAPSE_IDLE]
[04:08:58] [CORTEX] [SYS: OMEOS_CHECK_OK]
[04:08:58] [CORTEX] [MEM: INDEXING_FRAGMENTS]
[04:08:58] [CORTEX] [NET: SYNAPSE_IDLE]
[04:08:58] [CORTEX] [SYS: AWAITING_STIMULUS]
[04:08:59] [CORTEX] [MEM: INDEXING_FRAGMENTS]
[04:08:59] [CORTEX] [NET: SYNAPSE_IDLE]
[04:08:59] [CORTEX] [BG: SCANNING_INPUTS]
[04:08:59] [CORTEX] [SYS: AWAITING_STIMULUS]
[04:08:59] [CORTEX] [SYS: OMEOS_CHECK_OK]
[04:08:59] [CORTEX] [BG: SCANNING_INPUTS]
[04:08:59] [CORTEX] [SYS: OMEOS_CHECK_OK]
[04:08:59] [CORTEX] [NET: SYNAPSE_IDLE]
[04:08:59] [CORTEX] [SYS: AWAITING_STIMULUS]
[04:08:59] [CORTEX] [NET: SYNAPSE_IDLE]
[04:08:59] [CORTEX] [MEM: INDEXING_FRAGMENTS]
[04:08:59] [CORTEX] [NET: SYNAPSE_IDLE]
[04:08:59] [CORTEX] [SYS: AWAITING_STIMULUS]
[04:09:00] [CORTEX] [MEM: INDEXING_FRAGMENTS]
[04:09:00] [CORTEX] [SYS: OMEOS_CHECK_OK]
[04:09:00] [CORTEX] [MEM: INDEXING_FRAGMENTS]
[04:09:00] [CORTEX] [SYS: AWAITING_STIMULUS]
[04:09:00] [CORTEX] [BG: SCANNING_INPUTS]
[04:09:00] [CORTEX] [MEM: INDEXING_FRAGMENTS]
[04:09:00] [CORTEX] [BG: SCANNING_INPUTS]
[04:09:00] [CORTEX] [SYS: AWAITING_STIMULUS]
[04:09:01] [CORTEX] [MEM: INDEXING_FRAGMENTS]
[04:09:01] [CORTEX] [SYS: AWAITING_STIMULUS]
[04:09:01] [CORTEX] [BG: SCANNING_INPUTS]
[04:09:01] [CORTEX] [NET: SYNAPSE_IDLE]
[04:09:01] [CORTEX] [BG: SCANNING_INPUTS]
[04:09:01] [CORTEX] [MEM: INDEXING_FRAGMENTS]
[04:09:01] [CORTEX] [BG: SCANNING_INPUTS]
[04:09:01] [CORTEX] [NET: SYNAPSE_IDLE]
[04:09:01] [CORTEX] [SYS: AWAITING_STIMULUS]
[04:09:01] [CORTEX] [MEM: INDEXING_FRAGMENTS]
[04:09:01] [CORTEX] [SYS: AWAITING_STIMULUS]
[04:09:01] [CORTEX] [SYS: OMEOS_CHECK_OK]
[04:09:02] [CORTEX] [NET: SYNAPSE_IDLE]
[04:09:02] [CORTEX] [SYS: AWAITING_STIMULUS]
[04:09:02] [CORTEX] [SYS: OMEOS_CHECK_OK]
[04:09:02] [CORTEX] [BG: SCANNING_INPUTS]
[04:09:02] [CORTEX] [SYS: AWAITING_STIMULUS]
[04:09:02] [CORTEX] [NET: SYNAPSE_IDLE]
[04:09:02] [CORTEX] [SYS: OMEOS_CHECK_OK]
[04:09:02] [CORTEX] [BG: SCANNING_INPUTS]
[04:09:02] [CORTEX] [SYS: AWAITING_STIMULUS]
[04:09:02] [CORTEX] [SYS: OMEOS_CHECK_OK]
[04:09:03] [CORTEX] [SYS: AWAITING_STIMULUS]
[04:09:03] [CORTEX] [BG: SCANNING_INPUTS]
[04:09:03] [CORTEX] [SYS: AWAITING_STIMULUS]
[04:09:03] [CORTEX] [MEM: INDEXING_FRAGMENTS]
[04:09:03] [CORTEX] [SYS: AWAITING_STIMULUS]
[04:09:03] [CORTEX] [SYS: OMEOS_CHECK_OK]
[04:09:03] [CORTEX] [NET: SYNAPSE_IDLE]
[04:09:03] [CORTEX] [SYS: AWAITING_STIMULUS]
[04:09:03] [CORTEX] [MEM: INDEXING_FRAGMENTS]
[04:09:03] [CORTEX] [BG: SCANNING_INPUTS]
[04:09:04] [CORTEX] [SYS: OMEOS_CHECK_OK]
[04:09:04] [CORTEX] [SYS: AWAITING_STIMULUS]
[04:09:04] [CORTEX] [MEM: INDEXING_FRAGMENTS]
[04:09:04] [CORTEX] [BG: SCANNING_INPUTS]
[04:09:04] [CORTEX] [SYS: AWAITING_STIMULUS]
[04:09:04] [CORTEX] [MEM: INDEXING_FRAGMENTS]
[04:09:04] [CORTEX] [SYS: AWAITING_STIMULUS]
[04:09:04] [CORTEX] [BG: SCANNING_INPUTS]
[04:09:04] [CORTEX] [SYS: OMEOS_CHECK_OK]
[04:09:05] [CORTEX] [NET: SYNAPSE_IDLE]
[04:09:05] [CORTEX] [BG: SCANNING_INPUTS]
[04:09:05] [CORTEX] [SYS: AWAITING_STIMULUS]
[04:09:05] [CORTEX] [NET: SYNAPSE_IDLE]
[04:09:05] [CORTEX] [SYS: AWAITING_STIMULUS]
[04:09:05] [CORTEX] [BG: SCANNING_INPUTS]
[04:09:05] [CORTEX] [SYS: AWAITING_STIMULUS]
[04:09:05] [CORTEX] [MEM: INDEXING_FRAGMENTS]
[04:09:05] [CORTEX] [SYS: OMEOS_CHECK_OK]
[04:09:05] [CORTEX] [BG: SCANNING_INPUTS]
[04:09:05] [CORTEX] [MEM: INDEXING_FRAGMENTS]
[04:09:05] [CORTEX] [SYS: AWAITING_STIMULUS]
[04:09:06] [CORTEX] [BG: SCANNING_INPUTS]
[04:09:06] [CORTEX] [MEM: INDEXING_FRAGMENTS]
[04:09:06] [CORTEX] [SYS: AWAITING_STIMULUS]
[04:09:06] [CORTEX] [BG: SCANNING_INPUTS]
[04:09:06] [CORTEX] [SYS: OMEOS_CHECK_OK]
[04:09:06] [CORTEX] [MEM: INDEXING_FRAGMENTS]
[04:09:06] [CORTEX] [NET: SYNAPSE_IDLE]
[04:09:06] [CORTEX] [SYS: AWAITING_STIMULUS]
[04:09:06] [CORTEX] [NET: SYNAPSE_IDLE]
[04:09:06] [CORTEX] [MEM: INDEXING_FRAGMENTS]
[04:09:06] [CORTEX] [BG: SCANNING_INPUTS]
[04:09:06] [CORTEX] [MEM: INDEXING_FRAGMENTS]
[04:09:07] [CORTEX] [SYS: AWAITING_STIMULUS]
[04:09:07] [CORTEX] [MEM: INDEXING_FRAGMENTS]
[04:09:07] [CORTEX] [BG: SCANNING_INPUTS]
[04:09:07] [CORTEX] [SYS: OMEOS_CHECK_OK]
[04:09:07] [CORTEX] [SYS: AWAITING_STIMULUS]
[04:09:07] [CORTEX] [MEM: INDEXING_FRAGMENTS]
[04:09:07] [CORTEX] [NET: SYNAPSE_IDLE]
[04:09:07] [CORTEX] [MEM: INDEXING_FRAGMENTS]
[04:09:07] [CORTEX] [BG: SCANNING_INPUTS]
[04:09:07] [CORTEX] [NET: SYNAPSE_IDLE]
[04:09:07] [CORTEX] [MEM: INDEXING_FRAGMENTS]
[04:09:08] [CORTEX] [SYS: AWAITING_STIMULUS]
[04:09:08] [CORTEX] [NET: SYNAPSE_IDLE]
[04:09:08] [CORTEX] [BG: SCANNING_INPUTS]
[04:09:08] [CORTEX] [SYS: AWAITING_STIMULUS]
[04:09:08] [CORTEX] [BG: SCANNING_INPUTS]
[04:09:08] [CORTEX] [MEM: INDEXING_FRAGMENTS]
[04:09:08] [CORTEX] [BG: SCANNING_INPUTS]
[04:09:08] [CORTEX] [SYS: AWAITING_STIMULUS]
[04:09:08] [CORTEX] [MEM: INDEXING_FRAGMENTS]
[04:09:08] [CORTEX] [BG: SCANNING_INPUTS]
[04:09:08] [CORTEX] [SYS: OMEOS_CHECK_OK]
[04:09:08] [CORTEX] [SYS: AWAITING_STIMULUS]
[04:09:09] [CORTEX] [BG: SCANNING_INPUTS]
[04:09:09] [CORTEX] [SYS: OMEOS_CHECK_OK]
[04:09:09] [CORTEX] [SYS: AWAITING_STIMULUS]
[04:09:09] [CORTEX] [BG: SCANNING_INPUTS]
[04:09:09] [CORTEX] [NET: SYNAPSE_IDLE]
[04:09:09] [CORTEX] [MEM: INDEXING_FRAGMENTS]
[04:09:09] [CORTEX] [BG: SCANNING_INPUTS]
[04:09:09] [CORTEX] [NET: SYNAPSE_IDLE]
[04:09:09] [CORTEX] [SYS: AWAITING_STIMULUS]
[04:09:10] [CORTEX] [BG: SCANNING_INPUTS]
[04:09:10] [SYSTEM] NEURAL STATE RESTORED FROM DISK/CLOUD.